2020-01-06 13:10:30.5526|INFO|CodeSec.Startup|Added TodoRepository to services
2020-01-06 13:10:34.3400|INFO|CodeSec.Program|Seeded the database.
2020-01-06 13:10:52.6945|WARN|Microsoft.EntityFrameworkCore.Query|The Include operation for navigation '[e].Samples' is unnecessary and was ignored because the navigation is not reachable in the final query results. See https://go.microsoft.com/fwlink/?linkid=850303 for more information.
2020-01-06 13:10:52.7170|WARN|Microsoft.EntityFrameworkCore.Query|The Include operation for navigation '[e].Pictures' is unnecessary and was ignored because the navigation is not reachable in the final query results. See https://go.microsoft.com/fwlink/?linkid=850303 for more information.
2020-01-06 13:11:21.7607|INFO|CodeSec.Controllers.ExecutiveEmployeeController|Ny anmälan skapad: CfDJ8PlvaOAfcixCq2HtyEGj8YP_yTUhkzcgWEt2DYwoFT5RIZ-b9Ogi9cnrbd7oKdurfPsIebr-waXee4Rfll2Xn2TT-XAlbbqau6ZZGvB2g0HLvXSd1vvLrqGTLqZGBUCu6wqd400zthj5Tys_pkgMmaeBge5L5b1z81JQ1h1xt2uMKW9w4hb5kexRR8BfD2bxqCoWOjqGn8E-8ypFP6Ge8P0c-gyBrPWDKTr5iE9HDITya__3ZD4q5yKsTzx27USM0timtMWSpCuupu7agLXbcDY
2020-01-06 13:12:23.5496|INFO|CodeSec.Controllers.ExecutiveEmployeeController|Ny anmälan skapad: CfDJ8PlvaOAfcixCq2HtyEGj8YMzj8g4ENNrZ4VuLIcX8zkQ4ZdIHQAiNaalEgTVDYBlDaDXNZGab78MSJu8WCPUK9kN5Tr9zabwYNwKJIpf-JCV1dY2jmpcC-12wPGz3CTxeUwYe8kwBtxES5HZqV_6yoUhxN8qS390udLWydW2bkhFxw-hcUSQnx5Z71dPb4uJ58prOqqiMzc0SJN5hqqtgd2DKyp8zvLIJ-dBD34GbE_Fxy54F8LySg59tjUmLpWAnFHF9_xpNiN_NAqyw0OAqLY
2020-01-06 13:12:45.5274|WARN|Microsoft.EntityFrameworkCore.Query|The Include operation for navigation '[e].Samples' is unnecessary and was ignored because the navigation is not reachable in the final query results. See https://go.microsoft.com/fwlink/?linkid=850303 for more information.
2020-01-06 13:12:45.5274|WARN|Microsoft.EntityFrameworkCore.Query|The Include operation for navigation '[e].Pictures' is unnecessary and was ignored because the navigation is not reachable in the final query results. See https://go.microsoft.com/fwlink/?linkid=850303 for more information.
2020-01-06 13:13:27.4159|INFO|CodeSec.Controllers.ExecutiveEmployeeController|Ny anmälan skapad: CfDJ8PlvaOAfcixCq2HtyEGj8YPpQrYRA8Ia7NNLNtBu0a4khzBGhEhgga2NIkjA_uzCzLqxyZFtir2njU7Y9xriF-KPiMS_voR2c1QRGWxMpRVtcIRRCYoukqsR35ouj1d-6L2PKZwaJ3y8vULpB7GKBAJK6g9t9v094wOtKoUdPl6B153_Qwo3CqkwHYTkvftoNVNxy-Gv-g6kuS9SfyoocMnXgQjoHnS3EnKmo-eHLrNCLDV2X-u8-wcqsi4ZDaR96Q
2020-01-06 13:13:40.6553|WARN|Microsoft.EntityFrameworkCore.Query|The Include operation for navigation '[e].Samples' is unnecessary and was ignored because the navigation is not reachable in the final query results. See https://go.microsoft.com/fwlink/?linkid=850303 for more information.
2020-01-06 13:13:40.6553|WARN|Microsoft.EntityFrameworkCore.Query|The Include operation for navigation '[e].Pictures' is unnecessary and was ignored because the navigation is not reachable in the final query results. See https://go.microsoft.com/fwlink/?linkid=850303 for more information.
2020-01-06 13:14:29.5993|WARN|Microsoft.EntityFrameworkCore.Query|The Include operation for navigation '[e].Samples' is unnecessary and was ignored because the navigation is not reachable in the final query results. See https://go.microsoft.com/fwlink/?linkid=850303 for more information.
2020-01-06 13:14:29.6056|WARN|Microsoft.EntityFrameworkCore.Query|The Include operation for navigation '[e].Pictures' is unnecessary and was ignored because the navigation is not reachable in the final query results. See https://go.microsoft.com/fwlink/?linkid=850303 for more information.
2020-01-06 14:06:24.0080|INFO|CodeSec.Startup|Added TodoRepository to services
2020-01-06 14:06:28.1103|WARN|Microsoft.AspNetCore.Identity.UserManager|User 592b0996-75ae-4330-a280-da9291088c64 validation failed: DuplicateUserName.
2020-01-06 14:06:28.1450|WARN|Microsoft.AspNetCore.Identity.UserManager|User 07c78996-6b28-4dc0-a94c-03071a905667 validation failed: DuplicateUserName.
2020-01-06 14:06:28.1641|WARN|Microsoft.AspNetCore.Identity.UserManager|User 2123e9dc-dec9-4725-a010-8eb5522b11d2 validation failed: DuplicateUserName.
2020-01-06 14:06:28.1865|WARN|Microsoft.AspNetCore.Identity.UserManager|User 8dd04429-73bb-4a57-8841-b3b0278daa6d validation failed: DuplicateUserName.
2020-01-06 14:06:28.2044|WARN|Microsoft.AspNetCore.Identity.UserManager|User edfc0778-6311-41b7-b863-5d0602e986d3 validation failed: DuplicateUserName.
2020-01-06 14:06:28.2214|WARN|Microsoft.AspNetCore.Identity.UserManager|User da823464-4c3c-4558-96ea-12d29d4a744e validation failed: DuplicateUserName.
2020-01-06 14:06:28.2389|WARN|Microsoft.AspNetCore.Identity.UserManager|User d22e3cbc-4535-4c46-b978-9343ade0bd48 validation failed: DuplicateUserName.
2020-01-06 14:06:28.3158|WARN|Microsoft.AspNetCore.Identity.UserManager|User 592b0996-75ae-4330-a280-da9291088c64 validation failed: DuplicateUserName.
2020-01-06 14:06:28.3333|WARN|Microsoft.AspNetCore.Identity.UserManager|User 07c78996-6b28-4dc0-a94c-03071a905667 validation failed: DuplicateUserName.
2020-01-06 14:06:28.3488|WARN|Microsoft.AspNetCore.Identity.UserManager|User 2123e9dc-dec9-4725-a010-8eb5522b11d2 validation failed: DuplicateUserName.
2020-01-06 14:06:28.3640|WARN|Microsoft.AspNetCore.Identity.UserManager|User 8dd04429-73bb-4a57-8841-b3b0278daa6d validation failed: DuplicateUserName.
2020-01-06 14:06:28.3776|WARN|Microsoft.AspNetCore.Identity.UserManager|User edfc0778-6311-41b7-b863-5d0602e986d3 validation failed: DuplicateUserName.
2020-01-06 14:06:28.3919|WARN|Microsoft.AspNetCore.Identity.UserManager|User da823464-4c3c-4558-96ea-12d29d4a744e validation failed: DuplicateUserName.
2020-01-06 14:06:28.4054|WARN|Microsoft.AspNetCore.Identity.UserManager|User d22e3cbc-4535-4c46-b978-9343ade0bd48 validation failed: DuplicateUserName.
2020-01-06 14:06:28.4054|INFO|CodeSec.Program|Seeded the database.
2020-01-06 14:06:40.2386|WARN|Microsoft.EntityFrameworkCore.Query|The Include operation for navigation '[e].Samples' is unnecessary and was ignored because the navigation is not reachable in the final query results. See https://go.microsoft.com/fwlink/?linkid=850303 for more information.
2020-01-06 14:06:40.2430|WARN|Microsoft.EntityFrameworkCore.Query|The Include operation for navigation '[e].Pictures' is unnecessary and was ignored because the navigation is not reachable in the final query results. See https://go.microsoft.com/fwlink/?linkid=850303 for more information.
2020-01-06 14:06:55.9645|WARN|Microsoft.EntityFrameworkCore.Query|The Include operation for navigation '[e].Samples' is unnecessary and was ignored because the navigation is not reachable in the final query results. See https://go.microsoft.com/fwlink/?linkid=850303 for more information.
2020-01-06 14:06:55.9645|WARN|Microsoft.EntityFrameworkCore.Query|The Include operation for navigation '[e].Pictures' is unnecessary and was ignored because the navigation is not reachable in the final query results. See https://go.microsoft.com/fwlink/?linkid=850303 for more information.
